<?xml version="1.0" encoding="UTF-8"?>
<testng-results ignored="0" total="1" passed="1" failed="0" skipped="0">
  <reporter-output>
  </reporter-output>
  <suite started-at="2024-11-29T17:59:39 IST" name="Default suite" finished-at="2024-11-29T17:59:50 IST" duration-ms="11196">
    <groups>
    </groups>
    <test started-at="2024-11-29T17:59:39 IST" name="Default test" finished-at="2024-11-29T17:59:50 IST" duration-ms="11196">
      <class name="POM_DDF_TestNG_BaseClass_UtilityClass.SwagLabTestClass">
        <test-method is-config="true" signature="openbrowser()[pri:0, instance:POM_DDF_TestNG_BaseClass_UtilityClass.SwagLabTestClass@7205765b]" started-at="2024-11-29T17:59:39 IST" name="openbrowser" finished-at="2024-11-29T17:59:42 IST" duration-ms="3737" status="PASS">
          <reporter-output>
          </reporter-output>
        </test-method> <!-- openbrowser -->
        <test-method is-config="true" signature="logintoApp()[pri:0, instance:POM_DDF_TestNG_BaseClass_UtilityClass.SwagLabTestClass@7205765b]" started-at="2024-11-29T17:59:42 IST" name="logintoApp" finished-at="2024-11-29T17:59:44 IST" duration-ms="1320" status="PASS">
          <reporter-output>
          </reporter-output>
        </test-method> <!-- logintoApp -->
        <test-method signature="verifylogotext()[pri:0, instance:POM_DDF_TestNG_BaseClass_UtilityClass.SwagLabTestClass@7205765b]" started-at="2024-11-29T17:59:44 IST" name="verifylogotext" finished-at="2024-11-29T17:59:44 IST" duration-ms="87" status="PASS">
          <reporter-output>
          </reporter-output>
        </test-method> <!-- verifylogotext -->
        <test-method is-config="true" signature="logout()[pri:0, instance:POM_DDF_TestNG_BaseClass_UtilityClass.SwagLabTestClass@7205765b]" started-at="2024-11-29T17:59:44 IST" name="logout" finished-at="2024-11-29T17:59:49 IST" duration-ms="5244" status="PASS">
          <reporter-output>
          </reporter-output>
        </test-method> <!-- logout -->
        <test-method is-config="true" signature="quitbrowser()[pri:0, instance:POM_DDF_TestNG_BaseClass_UtilityClass.SwagLabTestClass@7205765b]" started-at="2024-11-29T17:59:49 IST" name="quitbrowser" finished-at="2024-11-29T17:59:50 IST" duration-ms="753" status="PASS">
          <reporter-output>
          </reporter-output>
        </test-method> <!-- quitbrowser -->
      </class> <!-- POM_DDF_TestNG_BaseClass_UtilityClass.SwagLabTestClass -->
    </test> <!-- Default test -->
  </suite> <!-- Default suite -->
</testng-results>
